
"2020-02-22 18:09" bad (8/60 >> @9)
"2020-02-23 18:14" bad (41/60 >> @86690)
"2020-02-23 19:04" bad (57/60 >> @86747)
"2020-02-24 09:21" bad (17/60 >> @138124)
"2020-02-24 18:20" bad (4/60 >> @138128)
"2020-02-24 22:35" bad (47/60 >> @153415)
"2020-02-26 02:50" bad (28/60 >> @153443)
"2020-02-26 09:28" bad (21/60 >> @177284)
"2020-02-26 10:00" bad (10/60 >> @177294)
"2020-02-26 21:04" bad (54/60 >> @217128)
"2020-02-27 05:02" bad (43/60 >> @217171)
"2020-02-28 13:29" bad (35/60 >> @333966)
"2020-02-29 11:54" bad (43/60 >> @334009)
"2020-03-01 07:05" bad (17/60 >> @403026)
"2020-03-01 07:36" bad (6/60 >> @403032)

"2020-02-23 18:14 — 2020-02-23 19:04" gap >> (50m @86690)
"2020-02-24 09:21 — 2020-02-24 18:20" gap >> (8h59m @138124)
"2020-02-24 22:35 — 2020-02-26 02:50" gap >> (1d 4h15m @153415)
"2020-02-26 09:28 — 2020-02-26 10:00" gap >> (32m @177284)
"2020-02-26 21:04 — 2020-02-27 05:02" gap >> (7h58m @217128)
"2020-02-28 13:29 — 2020-02-29 11:54" gap >> (22h25m @333966)
"2020-02-29 23:59 — 2020-03-01 00:00" gap >> (<1m @377509)
"2020-03-01 07:05 — 2020-03-01 07:36" gap >> (31m @403026)
