
"2020-02-28 10:18" bad (21/60 >> @22)
"2020-02-29 08:22" bad (29/60 >> @79431)
"2020-02-29 12:01" bad (12/60 >> @79443)
"2020-02-29 22:52" bad (17/60 >> @118460)
"2020-02-29 23:42" bad (37/60 >> @118497)
"2020-03-02 14:32" bad (34/60 >> @258271)
"2020-03-03 07:25" bad (14/60 >> @258285)
"2020-03-04 04:15" bad (31/60 >> @333256)
"2020-03-04 05:39" bad (33/60 >> @333289)
"2020-03-04 21:43" bad (58/60 >> @391127)
"2020-03-04 22:50" bad (8/60 >> @391135)
"2020-03-05 17:44" bad (17/60 >> @459132)
"2020-03-08 01:23" bad (26/60 >> @459158)
"2020-03-08 10:21" bad (13/60 >> @491391)
"2020-03-09 07:38" bad (42/60 >> @491433)

"2020-02-29 08:22 — 2020-02-29 12:01" gap >> (3h39m @79431)
"2020-02-29 22:52 — 2020-02-29 23:42" gap >> (50m @118460)
"2020-02-29 23:59 — 2020-03-01 00:00" gap >> (<1m @119517)
"2020-03-02 14:32 — 2020-03-03 07:25" gap >> (16h53m @258271)
"2020-03-04 04:15 — 2020-03-04 05:39" gap >> (1h24m @333256)
"2020-03-04 21:43 — 2020-03-04 22:50" gap >> (1h7m @391127)
"2020-03-05 17:44 — 2020-03-08 01:23" gap >> (2d 7h39m @459132)
"2020-03-08 10:21 — 2020-03-09 07:38" gap >> (21h17m @491391)
