
"2020-02-27 08:37" bad (27/60 >> @28)
"2020-02-27 08:47" bad (3/60 >> @571)
"2020-02-27 21:11" bad (48/60 >> @619)
"2020-02-28 04:14" bad (43/60 >> @25982)
"2020-02-29 19:07" bad (44/60 >> @26026)
"2020-02-29 22:05" bad (4/60 >> @36650)
"2020-02-29 22:17" bad (57/60 >> @36707)
"2020-03-01 09:36" bad (57/60 >> @77444)
"2020-03-01 10:59" bad (52/60 >> @77496)
"2020-03-01 22:49" bad (17/60 >> @120053)
"2020-03-01 23:16" bad (56/60 >> @120109)
"2020-03-02 09:04" bad (24/60 >> @155353)
"2020-03-02 09:58" bad (44/60 >> @155397)
"2020-03-02 21:35" bad (29/60 >> @197186)
"2020-03-02 21:54" bad (5/60 >> @197191)
"2020-03-03 11:51" bad (57/60 >> @247408)
"2020-03-03 12:22" bad (52/60 >> @247460)
"2020-03-04 01:41" bad (27/60 >> @295367)
"2020-03-04 02:07" bad (50/60 >> @295417)
"2020-03-04 16:10" bad (47/60 >> @345984)
"2020-03-04 16:38" bad (45/60 >> @346029)
"2020-03-04 21:02" bad (33/60 >> @361842)
"2020-03-04 21:21" bad (14/60 >> @361856)
"2020-03-06 07:26" bad (24/60 >> @435080)
"2020-03-06 07:32" bad (47/60 >> @435127)
"2020-03-06 09:51" bad (39/60 >> @443446)
"2020-03-06 09:56" bad (6/60 >> @443452)

"2020-02-27 08:47 — 2020-02-27 21:11" gap >> (12h24m @571)
"2020-02-28 04:14 — 2020-02-29 19:07" gap >> (1d 14h53m @25982)
"2020-02-29 22:05 — 2020-02-29 22:17" gap >> (12m @36650)
"2020-02-29 23:59 — 2020-03-01 00:00" gap >> (<1m @42827)
"2020-03-01 09:36 — 2020-03-01 10:59" gap >> (1h23m @77444)
"2020-03-01 22:49 — 2020-03-01 23:16" gap >> (27m @120053)
"2020-03-02 09:04 — 2020-03-02 09:58" gap >> (54m @155353)
"2020-03-02 21:35 — 2020-03-02 21:54" gap >> (19m @197186)
"2020-03-03 11:51 — 2020-03-03 12:22" gap >> (31m @247408)
"2020-03-04 01:41 — 2020-03-04 02:07" gap >> (26m @295367)
"2020-03-04 16:10 — 2020-03-04 16:38" gap >> (28m @345984)
"2020-03-04 21:02 — 2020-03-04 21:21" gap >> (19m @361842)
"2020-03-05 07:44 — 2020-03-05 21:29" gap >> (13h45m @399236)
"2020-03-06 07:26 — 2020-03-06 07:32" gap >> (6m @435080)
"2020-03-06 09:51 — 2020-03-06 09:56" gap >> (5m @443446)
